{"total": {"lines":{"total":549,"covered":333,"skipped":0,"pct":60.65},"statements":{"total":578,"covered":346,"skipped":0,"pct":59.86},"functions":{"total":171,"covered":95,"skipped":0,"pct":55.55},"branches":{"total":376,"covered":186,"skipped":0,"pct":49.46},"branchesTrue":{"total":0,"covered":0,"skipped":0,"pct":100}}
,"/Users/elischiffler/Documents/School/CSC-308-SWE/UMami/frontend/src/test-setup.js": {"lines":{"total":2,"covered":2,"skipped":0,"pct":100},"functions":{"total":0,"covered":0,"skipped":0,"pct":100},"statements":{"total":2,"covered":2,"skipped":0,"pct":100},"branches":{"total":0,"covered":0,"skipped":0,"pct":100}}
,"/Users/elischiffler/Documents/School/CSC-308-SWE/UMami/frontend/src/components/FollowUserCard.jsx": {"lines":{"total":1,"covered":1,"skipped":0,"pct":100},"functions":{"total":1,"covered":1,"skipped":0,"pct":100},"statements":{"total":1,"covered":1,"skipped":0,"pct":100},"branches":{"total":6,"covered":3,"skipped":0,"pct":50}}
,"/Users/elischiffler/Documents/School/CSC-308-SWE/UMami/frontend/src/components/Header.jsx": {"lines":{"total":166,"covered":76,"skipped":0,"pct":45.78},"functions":{"total":49,"covered":15,"skipped":0,"pct":30.61},"statements":{"total":174,"covered":78,"skipped":0,"pct":44.82},"branches":{"total":87,"covered":32,"skipped":0,"pct":36.78}}
,"/Users/elischiffler/Documents/School/CSC-308-SWE/UMami/frontend/src/components/Map.jsx": {"lines":{"total":11,"covered":11,"skipped":0,"pct":100},"functions":{"total":4,"covered":4,"skipped":0,"pct":100},"statements":{"total":11,"covered":11,"skipped":0,"pct":100},"branches":{"total":6,"covered":6,"skipped":0,"pct":100}}
,"/Users/elischiffler/Documents/School/CSC-308-SWE/UMami/frontend/src/components/Modal.jsx": {"lines":{"total":10,"covered":10,"skipped":0,"pct":100},"functions":{"total":5,"covered":5,"skipped":0,"pct":100},"statements":{"total":13,"covered":13,"skipped":0,"pct":100},"branches":{"total":6,"covered":5,"skipped":0,"pct":83.33}}
,"/Users/elischiffler/Documents/School/CSC-308-SWE/UMami/frontend/src/components/PhotoUpload.jsx": {"lines":{"total":21,"covered":15,"skipped":0,"pct":71.42},"functions":{"total":6,"covered":3,"skipped":0,"pct":50},"statements":{"total":22,"covered":15,"skipped":0,"pct":68.18},"branches":{"total":4,"covered":3,"skipped":0,"pct":75}}
,"/Users/elischiffler/Documents/School/CSC-308-SWE/UMami/frontend/src/components/RestaurantCard.jsx": {"lines":{"total":17,"covered":17,"skipped":0,"pct":100},"functions":{"total":4,"covered":4,"skipped":0,"pct":100},"statements":{"total":18,"covered":18,"skipped":0,"pct":100},"branches":{"total":23,"covered":22,"skipped":0,"pct":95.65}}
,"/Users/elischiffler/Documents/School/CSC-308-SWE/UMami/frontend/src/components/ReviewCard.jsx": {"lines":{"total":73,"covered":52,"skipped":0,"pct":71.23},"functions":{"total":22,"covered":15,"skipped":0,"pct":68.18},"statements":{"total":83,"covered":58,"skipped":0,"pct":69.87},"branches":{"total":74,"covered":47,"skipped":0,"pct":63.51}}
,"/Users/elischiffler/Documents/School/CSC-308-SWE/UMami/frontend/src/components/UserName.jsx": {"lines":{"total":1,"covered":1,"skipped":0,"pct":100},"functions":{"total":1,"covered":1,"skipped":0,"pct":100},"statements":{"total":1,"covered":1,"skipped":0,"pct":100},"branches":{"total":3,"covered":3,"skipped":0,"pct":100}}
,"/Users/elischiffler/Documents/School/CSC-308-SWE/UMami/frontend/src/components/WriteReview.jsx": {"lines":{"total":16,"covered":13,"skipped":0,"pct":81.25},"functions":{"total":10,"covered":7,"skipped":0,"pct":70},"statements":{"total":16,"covered":13,"skipped":0,"pct":81.25},"branches":{"total":6,"covered":5,"skipped":0,"pct":83.33}}
,"/Users/elischiffler/Documents/School/CSC-308-SWE/UMami/frontend/src/pages/RestaurantMenu.jsx": {"lines":{"total":32,"covered":30,"skipped":0,"pct":93.75},"functions":{"total":12,"covered":11,"skipped":0,"pct":91.66},"statements":{"total":32,"covered":30,"skipped":0,"pct":93.75},"branches":{"total":12,"covered":9,"skipped":0,"pct":75}}
,"/Users/elischiffler/Documents/School/CSC-308-SWE/UMami/frontend/src/pages/SignUp.jsx": {"lines":{"total":34,"covered":27,"skipped":0,"pct":79.41},"functions":{"total":4,"covered":3,"skipped":0,"pct":75},"statements":{"total":35,"covered":27,"skipped":0,"pct":77.14},"branches":{"total":18,"covered":8,"skipped":0,"pct":44.44}}
,"/Users/elischiffler/Documents/School/CSC-308-SWE/UMami/frontend/src/pages/User.jsx": {"lines":{"total":165,"covered":78,"skipped":0,"pct":47.27},"functions":{"total":53,"covered":26,"skipped":0,"pct":49.05},"statements":{"total":170,"covered":79,"skipped":0,"pct":46.47},"branches":{"total":131,"covered":43,"skipped":0,"pct":32.82}}
}
