{"total": {"lines":{"total":249,"covered":249,"skipped":0,"pct":100},"statements":{"total":252,"covered":252,"skipped":0,"pct":100},"functions":{"total":31,"covered":31,"skipped":0,"pct":100},"branches":{"total":114,"covered":107,"skipped":0,"pct":93.85},"branchesTrue":{"total":0,"covered":0,"skipped":0,"pct":100}}
,"/Users/elischiffler/Documents/School/CSC-308-SWE/UMami/backend/index.js": {"lines":{"total":21,"covered":21,"skipped":0,"pct":100},"functions":{"total":3,"covered":3,"skipped":0,"pct":100},"statements":{"total":21,"covered":21,"skipped":0,"pct":100},"branches":{"total":6,"covered":6,"skipped":0,"pct":100}}
,"/Users/elischiffler/Documents/School/CSC-308-SWE/UMami/backend/config/supabaseClient.js": {"lines":{"total":5,"covered":5,"skipped":0,"pct":100},"functions":{"total":0,"covered":0,"skipped":0,"pct":100},"statements":{"total":5,"covered":5,"skipped":0,"pct":100},"branches":{"total":4,"covered":4,"skipped":0,"pct":100}}
,"/Users/elischiffler/Documents/School/CSC-308-SWE/UMami/backend/models/notificationModel.js": {"lines":{"total":1,"covered":1,"skipped":0,"pct":100},"functions":{"total":0,"covered":0,"skipped":0,"pct":100},"statements":{"total":1,"covered":1,"skipped":0,"pct":100},"branches":{"total":0,"covered":0,"skipped":0,"pct":100}}
,"/Users/elischiffler/Documents/School/CSC-308-SWE/UMami/backend/models/restaurantModel.js": {"lines":{"total":2,"covered":2,"skipped":0,"pct":100},"functions":{"total":0,"covered":0,"skipped":0,"pct":100},"statements":{"total":2,"covered":2,"skipped":0,"pct":100},"branches":{"total":0,"covered":0,"skipped":0,"pct":100}}
,"/Users/elischiffler/Documents/School/CSC-308-SWE/UMami/backend/models/reviewModel.js": {"lines":{"total":1,"covered":1,"skipped":0,"pct":100},"functions":{"total":0,"covered":0,"skipped":0,"pct":100},"statements":{"total":1,"covered":1,"skipped":0,"pct":100},"branches":{"total":0,"covered":0,"skipped":0,"pct":100}}
,"/Users/elischiffler/Documents/School/CSC-308-SWE/UMami/backend/models/userModel.js": {"lines":{"total":2,"covered":2,"skipped":0,"pct":100},"functions":{"total":0,"covered":0,"skipped":0,"pct":100},"statements":{"total":2,"covered":2,"skipped":0,"pct":100},"branches":{"total":0,"covered":0,"skipped":0,"pct":100}}
,"/Users/elischiffler/Documents/School/CSC-308-SWE/UMami/backend/routes/notifications.js": {"lines":{"total":43,"covered":43,"skipped":0,"pct":100},"functions":{"total":5,"covered":5,"skipped":0,"pct":100},"statements":{"total":43,"covered":43,"skipped":0,"pct":100},"branches":{"total":10,"covered":10,"skipped":0,"pct":100}}
,"/Users/elischiffler/Documents/School/CSC-308-SWE/UMami/backend/routes/restaurants.js": {"lines":{"total":65,"covered":65,"skipped":0,"pct":100},"functions":{"total":9,"covered":9,"skipped":0,"pct":100},"statements":{"total":66,"covered":66,"skipped":0,"pct":100},"branches":{"total":24,"covered":24,"skipped":0,"pct":100}}
,"/Users/elischiffler/Documents/School/CSC-308-SWE/UMami/backend/routes/reviews.js": {"lines":{"total":46,"covered":46,"skipped":0,"pct":100},"functions":{"total":5,"covered":5,"skipped":0,"pct":100},"statements":{"total":47,"covered":47,"skipped":0,"pct":100},"branches":{"total":30,"covered":28,"skipped":0,"pct":93.33}}
,"/Users/elischiffler/Documents/School/CSC-308-SWE/UMami/backend/routes/users.js": {"lines":{"total":63,"covered":63,"skipped":0,"pct":100},"functions":{"total":9,"covered":9,"skipped":0,"pct":100},"statements":{"total":64,"covered":64,"skipped":0,"pct":100},"branches":{"total":40,"covered":35,"skipped":0,"pct":87.5}}
}
