{"total": {"lines":{"total":961,"covered":727,"skipped":0,"pct":75.65},"statements":{"total":968,"covered":733,"skipped":0,"pct":75.72},"functions":{"total":130,"covered":96,"skipped":0,"pct":73.84},"branches":{"total":734,"covered":494,"skipped":0,"pct":67.3},"branchesTrue":{"total":0,"covered":0,"skipped":0,"pct":100}}
,"/Users/elischiffler/Documents/School/CSC-308-SWE/UMami/backend/index.js": {"lines":{"total":21,"covered":20,"skipped":0,"pct":95.23},"functions":{"total":3,"covered":2,"skipped":0,"pct":66.66},"statements":{"total":21,"covered":20,"skipped":0,"pct":95.23},"branches":{"total":6,"covered":5,"skipped":0,"pct":83.33}}
,"/Users/elischiffler/Documents/School/CSC-308-SWE/UMami/backend/config/supabaseClient.js": {"lines":{"total":5,"covered":5,"skipped":0,"pct":100},"functions":{"total":0,"covered":0,"skipped":0,"pct":100},"statements":{"total":5,"covered":5,"skipped":0,"pct":100},"branches":{"total":4,"covered":4,"skipped":0,"pct":100}}
,"/Users/elischiffler/Documents/School/CSC-308-SWE/UMami/backend/models/notificationModel.js": {"lines":{"total":1,"covered":1,"skipped":0,"pct":100},"functions":{"total":0,"covered":0,"skipped":0,"pct":100},"statements":{"total":1,"covered":1,"skipped":0,"pct":100},"branches":{"total":0,"covered":0,"skipped":0,"pct":100}}
,"/Users/elischiffler/Documents/School/CSC-308-SWE/UMami/backend/models/restaurantModel.js": {"lines":{"total":3,"covered":3,"skipped":0,"pct":100},"functions":{"total":0,"covered":0,"skipped":0,"pct":100},"statements":{"total":3,"covered":3,"skipped":0,"pct":100},"branches":{"total":0,"covered":0,"skipped":0,"pct":100}}
,"/Users/elischiffler/Documents/School/CSC-308-SWE/UMami/backend/models/reviewModel.js": {"lines":{"total":1,"covered":1,"skipped":0,"pct":100},"functions":{"total":0,"covered":0,"skipped":0,"pct":100},"statements":{"total":1,"covered":1,"skipped":0,"pct":100},"branches":{"total":0,"covered":0,"skipped":0,"pct":100}}
,"/Users/elischiffler/Documents/School/CSC-308-SWE/UMami/backend/models/userModel.js": {"lines":{"total":2,"covered":2,"skipped":0,"pct":100},"functions":{"total":0,"covered":0,"skipped":0,"pct":100},"statements":{"total":2,"covered":2,"skipped":0,"pct":100},"branches":{"total":0,"covered":0,"skipped":0,"pct":100}}
,"/Users/elischiffler/Documents/School/CSC-308-SWE/UMami/backend/routes/notifications.js": {"lines":{"total":54,"covered":44,"skipped":0,"pct":81.48},"functions":{"total":6,"covered":5,"skipped":0,"pct":83.33},"statements":{"total":54,"covered":44,"skipped":0,"pct":81.48},"branches":{"total":19,"covered":10,"skipped":0,"pct":52.63}}
,"/Users/elischiffler/Documents/School/CSC-308-SWE/UMami/backend/routes/restaurants.js": {"lines":{"total":90,"covered":89,"skipped":0,"pct":98.88},"functions":{"total":12,"covered":12,"skipped":0,"pct":100},"statements":{"total":91,"covered":90,"skipped":0,"pct":98.9},"branches":{"total":41,"covered":38,"skipped":0,"pct":92.68}}
,"/Users/elischiffler/Documents/School/CSC-308-SWE/UMami/backend/routes/reviews.js": {"lines":{"total":85,"covered":76,"skipped":0,"pct":89.41},"functions":{"total":8,"covered":7,"skipped":0,"pct":87.5},"statements":{"total":86,"covered":77,"skipped":0,"pct":89.53},"branches":{"total":63,"covered":50,"skipped":0,"pct":79.36}}
,"/Users/elischiffler/Documents/School/CSC-308-SWE/UMami/backend/routes/uploads.js": {"lines":{"total":43,"covered":7,"skipped":0,"pct":16.27},"functions":{"total":3,"covered":0,"skipped":0,"pct":0},"statements":{"total":43,"covered":7,"skipped":0,"pct":16.27},"branches":{"total":12,"covered":0,"skipped":0,"pct":0}}
,"/Users/elischiffler/Documents/School/CSC-308-SWE/UMami/backend/routes/users.js": {"lines":{"total":109,"covered":80,"skipped":0,"pct":73.39},"functions":{"total":12,"covered":11,"skipped":0,"pct":91.66},"statements":{"total":110,"covered":81,"skipped":0,"pct":73.63},"branches":{"total":72,"covered":44,"skipped":0,"pct":61.11}}
,"/Users/elischiffler/Documents/School/CSC-308-SWE/UMami/backend/utils/restaurantScraper.js": {"lines":{"total":217,"covered":217,"skipped":0,"pct":100},"functions":{"total":25,"covered":25,"skipped":0,"pct":100},"statements":{"total":219,"covered":219,"skipped":0,"pct":100},"branches":{"total":189,"covered":189,"skipped":0,"pct":100}}
,"/Users/elischiffler/Documents/School/CSC-308-SWE/UMami/backend/utils/scrapeCurrentMenus.js": {"lines":{"total":330,"covered":182,"skipped":0,"pct":55.15},"functions":{"total":61,"covered":34,"skipped":0,"pct":55.73},"statements":{"total":332,"covered":183,"skipped":0,"pct":55.12},"branches":{"total":328,"covered":154,"skipped":0,"pct":46.95}}
}
